[cs.stanford.edu/_karpathy/convnetjs/demo/image_regression.html]
[backblue.gif]
[fade.gif]
[index.html]
[www.google-analytics.com/analytics.js]
[cs.stanford.edu/_karpathy/convnetjs/demo/jquery-ui.min.css]
[cs.stanford.edu/_karpathy/convnetjs/build/convnet.js]
[cs.stanford.edu/_karpathy/convnetjs/demo/jquery-1.8.3.min.js]
[cs.stanford.edu/_karpathy/convnetjs/demo/jquery-ui.min.js]
[cs.stanford.edu/_karpathy/convnetjs/demo/imgs/cat.jpg]
[cs.stanford.edu/_karpathy/convnetjs/demo/imgs/esher.png]
[cs.stanford.edu/_karpathy/convnetjs/demo/imgs/pencils.png]
[cs.stanford.edu/_karpathy/convnetjs/demo/imgs/usa.png]
[cs.stanford.edu/_karpathy/convnetjs/demo/imgs/fractal.jpg]
[cs.stanford.edu/_karpathy/convnetjs/demo/imgs/dora.jpg]
[cs.stanford.edu/_karpathy/convnetjs/demo/imgs/rubiks.jpg]
[cs.stanford.edu/_karpathy/convnetjs/demo/imgs/earth.jpg]
[cs.stanford.edu/_karpathy/convnetjs/demo/imgs/fox.png]
[cs.stanford.edu/_karpathy/convnetjs/demo/imgs/twitter.png]
[cs.stanford.edu/_karpathy/convnetjs/demo/imgs/reddit.jpg]
[cs.stanford.edu/_karpathy/convnetjs/demo/imgs/chip.jpg]
[cs.stanford.edu/_karpathy/convnetjs/demo/imgs/jitendra.jpg]
[cs.stanford.edu/_karpathy/convnetjs/demo/imgs/tesla.jpg]
[cs.stanford.edu/_karpathy/convnetjs/demo/imgs/rainforest.jpg]
[cs.stanford.edu/_karpathy/convnetjs/demo/imgs/chess.png]
[cs.stanford.edu/_karpathy/convnetjs/demo/imgs/gradient.png]
[cs.stanford.edu/_karpathy/convnetjs/demo/imgs/battery.jpg]
[cs.stanford.edu/_karpathy/convnetjs/demo/imgs/starry.jpg]
[cs.stanford.edu/_karpathy/convnetjs/demo/image_regression.html]
[cs.stanford.edu/_karpathy/convnetjs/demo/jquery-ui.min.css]
